nota1=6
6
nota2=7
7
nota3=10
10
nota4=2
2
media=(nota1+nota2+nota3+nota4)/4
6.25
if(media<4){
    console.log("Reprovado")
}else if(media>=4 || media<7){
    console.log("Recuperação")
}else{
    console.log('Aprovado')
}
VM3027:4 Recuperação
undefined
nota1=7
7
nota2=7
7
nota3=10
10
nota4=5
5
media=(nota1+nota2+nota3+nota4)/4
7.25
if(media<4){
    console.log("Reprovado")
}else if(media>=4 || media<7){
    console.log("Recuperação")
}else{
    console.log('Aprovado')
}
VM3146:4 Recuperação
undefined
if(media<4){
    console.log("Reprovado")
}else if(media>=4 && media<7){
    console.log("Recuperação")
}else{
    console.log('Aprovado')
}
VM3154:6 Aprovado
undefined
nota1=2
2
nota2=2
2
nota3=2
2
nota4=2
2
media=(nota1+nota2+nota3+nota4)/4
2
if(media<4){
    console.log("Reprovado")
}else if(media>=4 && media<7){
    console.log("Recuperação")
}else{
    console.log('Aprovado')
}
VM3300:2 Reprovado
undefined
nota1=6
6
nota2=6
6
nota3=6
6
nota4=6
6
media=(nota1+nota2+nota3+nota4)/4
6
if(media<4){
    console.log("Reprovado")
}else if(media>=4 && media<7){
    console.log("Recuperação")
}else{
    console.log('Aprovado')
}
VM3409:4 Recuperação
undefined
